[DEBUG reqwest::connect] starting new connection: https://firelink-50aeb-default-rtdb.europe-west1.firebasedatabase.app/
[DEBUG reqwest::connect] starting new connection: https://firelink-50aeb-default-rtdb.europe-west1.firebasedatabase.app/
[DEBUG reqwest::connect] starting new connection: https://firelink-50aeb-default-rtdb.europe-west1.firebasedatabase.app/
[DEBUG reqwest::connect] starting new connection: https://firelink-50aeb-default-rtdb.europe-west1.firebasedatabase.app/
[WARN fire_link::config::fire_link_config::config] Empty user config detected.
[WARN fire_link::config::fire_link_config::config] Empty user config detected.
[WARN fire_link::config::fire_link_config::config] Empty user config detected.
[INFO fire_link::config::fire_link_config::config] Config created succesfully.
[WARN fire_link] Empty username found in config.
[WARN fire_link::config::fire_link_config::config] Empty user config detected.
[INFO fire_link::config::fire_link_config::config] Config created succesfully.
[WARN fire_link] Empty username found in config.
[WARN fire_link] Empty username found in config.
[WARN fire_link::config::fire_link_config::config] Empty username found in config.
[DEBUG reqwest::connect] starting new connection: https://fb-rust-default-rtdb.firebaseio.com/
[WARN fire_link::config::fire_link_config::config] Empty username found in config.
[DEBUG reqwest::connect] starting new connection: https://fb-rust-default-rtdb.firebaseio.com/
[WARN fire_link::config::fire_link_config::config] Empty username found in config.
[DEBUG reqwest::connect] starting new connection: https://firelink-50aeb-default-rtdb.europe-west1.firebasedatabase.app/
[WARN fire_link::config::fire_link_config::config] Empty username found in config.
[DEBUG reqwest::connect] starting new connection: https://firelink-50aeb-default-rtdb.europe-west1.firebasedatabase.app/
[INFO fire_link::firebase::auth::auth] Fetching Users.
[WARN fire_link::config::fire_link_config::config] Empty username found in config.
[DEBUG reqwest::connect] starting new connection: https://firelink-50aeb-default-rtdb.europe-west1.firebasedatabase.app/
[INFO fire_link::firebase::auth::auth] Fetching Users.
[WARN fire_link::config::fire_link_config::config] Empty username found in config.
[DEBUG reqwest::connect] starting new connection: https://firelink-50aeb-default-rtdb.europe-west1.firebasedatabase.app/
[INFO fire_link::firebase::auth::auth] Fetching Users.
[DEBUG reqwest::connect] starting new connection: https://firelink-50aeb-default-rtdb.europe-west1.firebasedatabase.app/
[INFO fire_link::config::fire_link_config::config] Config updated succesfully.
